<?xml version="1.0" encoding="UTF-8"?>
<Site BuildName="Linux-c++"
	BuildStamp="20170703-1153-Experimental"
	Name="qingquan.virtual-box.centos"
	Generator="ctest-2.8.12.2"
	CompilerName="/usr/bin/c++"
	OSName="Linux"
	Hostname="qingquan.virtual-box.centos"
	OSRelease="3.10.0-514.16.1.el7.x86_64"
	OSVersion="#1 SMP Wed Apr 12 15:04:24 UTC 2017"
	OSPlatform="x86_64"
	Is64Bits="1"
	VendorString="GenuineIntel"
	VendorID="Intel Corporation"
	FamilyID="6"
	ModelID="61"
	ProcessorCacheSize="3072"
	NumberOfLogicalCPU="2"
	NumberOfPhysicalCPU="2"
	TotalVirtualMemory="3967"
	TotalPhysicalMemory="3791"
	LogicalProcessorsPerPhysical="1"
	ProcessorClockFrequency="2700"
>
<Testing>
	<StartDateTime>Jul 03 19:53 CST</StartDateTime>
	<StartTestTime>1499082828</StartTestTime>
	<TestList>
		<Test>./TutorialRuns</Test>
		<Test>./TutorialComp25</Test>
	</TestList>
	<Test Status="passed">
		<Name>TutorialRuns</Name>
		<Path>.</Path>
		<FullName>./TutorialRuns</FullName>
		<FullCommandLine>/home/xujiang/test/cmake/Tutorial &quot;25&quot;</FullCommandLine>
		<Results>
			<NamedMeasurement type="numeric/double" name="Execution Time"><Value>0.00216293</Value></NamedMeasurement>
			<NamedMeasurement type="text/string" name="Completion Status"><Value>Completed</Value></NamedMeasurement>
			<NamedMeasurement type="text/string" name="Command Line"><Value>/home/xujiang/test/cmake/Tutorial &quot;25&quot;</Value></NamedMeasurement>
			<Measurement>
				<Value>hello world
</Value>
			</Measurement>
		</Results>
	</Test>
	<Test Status="passed">
		<Name>TutorialComp25</Name>
		<Path>.</Path>
		<FullName>./TutorialComp25</FullName>
		<FullCommandLine>/home/xujiang/test/cmake/Tutorial &quot;25&quot;</FullCommandLine>
		<Results>
			<NamedMeasurement type="numeric/double" name="Execution Time"><Value>0.00227714</Value></NamedMeasurement>
			<NamedMeasurement type="text/string" name="Pass Reason"><Value>Required regular expression found.Regex=[hello world
]</Value></NamedMeasurement>
			<NamedMeasurement type="text/string" name="Completion Status"><Value>Completed</Value></NamedMeasurement>
			<NamedMeasurement type="text/string" name="Command Line"><Value>/home/xujiang/test/cmake/Tutorial &quot;25&quot;</Value></NamedMeasurement>
			<Measurement>
				<Value>hello world
</Value>
			</Measurement>
		</Results>
	</Test>
	<EndDateTime>Jul 03 19:53 CST</EndDateTime>
	<EndTestTime>1499082828</EndTestTime>
<ElapsedMinutes>0</ElapsedMinutes></Testing>
</Site>
